<?xml version="1.0" encoding="UTF-8"?>
<!-- Generated by org.testng.reporters.JUnitReportReporter -->
<testsuite hostname="EPBYBREW0172" name="com.epam.tat.module4.test.SumAndSubCalculatorTest" tests="4" failures="0" timestamp="11 Dec 2015 09:36:04 GMT" time="0.002" errors="0">
  <testcase name="oneValueMinusAnother" time="0.000" classname="com.epam.tat.module4.test.SumAndSubCalculatorTest"/>
  <testcase name="oneValueMinusAnother" time="0.000" classname="com.epam.tat.module4.test.SumAndSubCalculatorTest"/>
  <testcase name="oneValueMinusAnother" time="0.002" classname="com.epam.tat.module4.test.SumAndSubCalculatorTest"/>
  <testcase name="oneValueMinusAnother" time="0.000" classname="com.epam.tat.module4.test.SumAndSubCalculatorTest"/>
</testsuite> <!-- com.epam.tat.module4.test.SumAndSubCalculatorTest -->
