<?xml version="1.0" encoding="UTF-8"?>
<!-- Generated by org.testng.reporters.JUnitReportReporter -->
<testsuite hostname="EPBYBREW0172" name="com.epam.tat.module4.test.PositiveNegativeTest" tests="20" failures="0" timestamp="11 Dec 2015 09:36:04 GMT" time="20.138" errors="0">
  <testcase name="checkValuePositive" time="1.000" classname="com.epam.tat.module4.test.PositiveNegativeTest"/>
  <testcase name="checkValuePositive" time="1.000" classname="com.epam.tat.module4.test.PositiveNegativeTest"/>
  <testcase name="checkValueNegative" time="1.001" classname="com.epam.tat.module4.test.PositiveNegativeTest"/>
  <testcase name="checkValueNegative" time="1.000" classname="com.epam.tat.module4.test.PositiveNegativeTest"/>
  <testcase name="checkValueNegative" time="1.000" classname="com.epam.tat.module4.test.PositiveNegativeTest"/>
  <testcase name="checkValueNegative" time="1.136" classname="com.epam.tat.module4.test.PositiveNegativeTest"/>
  <testcase name="checkValueNegative" time="1.001" classname="com.epam.tat.module4.test.PositiveNegativeTest"/>
  <testcase name="checkValuePositive" time="1.000" classname="com.epam.tat.module4.test.PositiveNegativeTest"/>
  <testcase name="checkValueNegative" time="1.000" classname="com.epam.tat.module4.test.PositiveNegativeTest"/>
  <testcase name="checkValuePositive" time="1.000" classname="com.epam.tat.module4.test.PositiveNegativeTest"/>
  <testcase name="checkValuePositive" time="1.000" classname="com.epam.tat.module4.test.PositiveNegativeTest"/>
  <testcase name="checkValuePositive" time="1.000" classname="com.epam.tat.module4.test.PositiveNegativeTest"/>
  <testcase name="checkValueNegative" time="1.000" classname="com.epam.tat.module4.test.PositiveNegativeTest"/>
  <testcase name="checkValuePositive" time="1.000" classname="com.epam.tat.module4.test.PositiveNegativeTest"/>
  <testcase name="checkValueNegative" time="1.000" classname="com.epam.tat.module4.test.PositiveNegativeTest"/>
  <testcase name="checkValueNegative" time="1.000" classname="com.epam.tat.module4.test.PositiveNegativeTest"/>
  <testcase name="checkValuePositive" time="1.000" classname="com.epam.tat.module4.test.PositiveNegativeTest"/>
  <testcase name="checkValueNegative" time="1.000" classname="com.epam.tat.module4.test.PositiveNegativeTest"/>
  <testcase name="checkValuePositive" time="1.000" classname="com.epam.tat.module4.test.PositiveNegativeTest"/>
  <testcase name="checkValuePositive" time="1.000" classname="com.epam.tat.module4.test.PositiveNegativeTest"/>
</testsuite> <!-- com.epam.tat.module4.test.PositiveNegativeTest -->
