<?xml version="1.0" encoding="UTF-8"?>
<!-- Generated by org.testng.reporters.JUnitReportReporter -->
<testsuite hostname="EPBYBREW0172" name="com.epam.tat.module4.test.TrigonometryTest" tests="2" failures="0" timestamp="11 Dec 2015 09:36:04 GMT" time="0.000" errors="0">
  <testcase name="sin0" time="0.000" classname="com.epam.tat.module4.test.TrigonometryTest"/>
  <testcase name="sin45" time="0.000" classname="com.epam.tat.module4.test.TrigonometryTest"/>
</testsuite> <!-- com.epam.tat.module4.test.TrigonometryTest -->
